<?xml version="1.0" encoding="UTF-8"?>
<!-- Generated by org.testng.reporters.JUnitReportReporter -->
<testsuite skipped="0" hostname="TEB5J02J3" name="com.techmahindra.ecommerce.home.TC001_CustomerRegistration" tests="1" failures="0" timestamp="2022-10-29T08:16:00 IST" time="34.710" errors="0">
  <testcase name="customerRegistration" time="34.710" classname="com.techmahindra.ecommerce.home.TC001_CustomerRegistration"/>
  <system-out/>
</testsuite> <!-- com.techmahindra.ecommerce.home.TC001_CustomerRegistration -->
