<?xml version="1.0" encoding="UTF-8"?>
<!-- Generated by org.testng.reporters.JUnitReportReporter -->
<testsuite skipped="0" hostname="TEB5J02J3" name="com.techmahindra.testNG.CaptureScreeshots1" tests="1" failures="0" timestamp="2022-10-22T00:12:00 IST" time="0.349" errors="0">
  <testcase name="simpleScreenshot" time="0.349" classname="com.techmahindra.testNG.CaptureScreeshots1"/>
  <system-out/>
</testsuite> <!-- com.techmahindra.testNG.CaptureScreeshots1 -->
