<?xml version="1.0" encoding="UTF-8"?>
<!-- Generated by org.testng.reporters.JUnitReportReporter -->
<testsuite skipped="2" hostname="TEB5J02J3" name="com.techmahindra.testNG.CaptureScreenshots" tests="3" failures="0" timestamp="2022-10-22T11:40:13 IST" time="7.207" errors="0">
  <testcase name="dateNtimeScreenshot" time="7.207" classname="com.techmahindra.testNG.CaptureScreenshots"/>
  <system-out/>
  <testcase name="normalScreenshot" classname="com.techmahindra.testNG.CaptureScreenshots">
    <skipped/>
  </testcase> <!-- normalScreenshot -->
  <system-out/>
  <testcase name="conditionBasedScreenshot" classname="com.techmahindra.testNG.CaptureScreenshots">
    <skipped/>
  </testcase> <!-- conditionBasedScreenshot -->
  <system-out/>
</testsuite> <!-- com.techmahindra.testNG.CaptureScreenshots -->
