<?xml version="1.0" encoding="UTF-8"?>
<!-- Generated by org.testng.reporters.JUnitReportReporter -->
<testsuite skipped="0" hostname="TEB5J02J3" name="com.techmahindra.testNG.FaceBook_DD" tests="1" failures="0" timestamp="2022-10-20T11:51:09 IST" time="15.487" errors="0">
  <testcase name="f" time="15.487" classname="com.techmahindra.testNG.FaceBook_DD"/>
  <system-out/>
</testsuite> <!-- com.techmahindra.testNG.FaceBook_DD -->
