<?xml version="1.0" encoding="UTF-8"?>
<!-- Generated by org.testng.reporters.JUnitReportReporter -->
<testsuite skipped="0" hostname="TEB5J02J3" name="com.techmahindra.testNG.excel.WriteExcelDataByFrontStyle" tests="1" failures="0" timestamp="2022-10-26T13:25:53 IST" time="0.604" errors="0">
  <testcase name="f" time="0.604" classname="com.techmahindra.testNG.excel.WriteExcelDataByFrontStyle"/>
  <system-out/>
</testsuite> <!-- com.techmahindra.testNG.excel.WriteExcelDataByFrontStyle -->
