<?xml version="1.0" encoding="UTF-8"?>
<!-- Generated by org.testng.reporters.JUnitReportReporter -->
<testsuite skipped="0" hostname="TEB5J02J3" name="com.techmahindra.testNG.NewTest" tests="1" failures="0" timestamp="2022-10-22T13:54:11 IST" time="2.127" errors="0">
  <testcase name="dateNTimeScreenshotPractise" time="2.127" classname="com.techmahindra.testNG.NewTest"/>
  <system-out/>
</testsuite> <!-- com.techmahindra.testNG.NewTest -->
