<?xml version="1.0" encoding="UTF-8"?>
<!-- Generated by org.testng.reporters.JUnitReportReporter -->
<testsuite skipped="0" hostname="TEB5J02J3" name="com.techmahindra.testNG.excel.WriteExcelDataByColumnName" tests="1" failures="0" timestamp="2022-10-26T13:59:15 IST" time="0.616" errors="0">
  <testcase name="f" time="0.616" classname="com.techmahindra.testNG.excel.WriteExcelDataByColumnName"/>
  <system-out/>
</testsuite> <!-- com.techmahindra.testNG.excel.WriteExcelDataByColumnName -->
