<?xml version="1.0" encoding="UTF-8"?>
<!-- Generated by org.testng.reporters.JUnitReportReporter -->
<testsuite skipped="0" hostname="TEB5J02J3" name="com.techmahindra.testNG.excel.ReadAllDataFromExcelFile" tests="1" failures="0" timestamp="2022-10-26T12:24:35 IST" time="0.623" errors="0">
  <testcase name="f" time="0.623" classname="com.techmahindra.testNG.excel.ReadAllDataFromExcelFile"/>
  <system-out/>
</testsuite> <!-- com.techmahindra.testNG.excel.ReadAllDataFromExcelFile -->
