<?xml version="1.0" encoding="UTF-8"?>
<!-- Generated by org.testng.reporters.JUnitReportReporter -->
<testsuite skipped="0" hostname="TEB5J02J3" name="com.techmahindra.testNG.excel.ReadDataFromExcelFile" tests="1" failures="0" timestamp="2022-10-26T00:22:26 IST" time="0.512" errors="0">
  <testcase name="f" time="0.512" classname="com.techmahindra.testNG.excel.ReadDataFromExcelFile"/>
  <system-out/>
</testsuite> <!-- com.techmahindra.testNG.excel.ReadDataFromExcelFile -->
