<?xml version="1.0" encoding="UTF-8"?>
<!-- Generated by org.testng.reporters.JUnitReportReporter -->
<testsuite skipped="0" hostname="TEB5J02J3" name="com.techmahindra.testNG.JqueryDropDown" tests="1" failures="0" timestamp="2022-10-21T00:09:50 IST" time="5.227" errors="0">
  <testcase name="f" time="5.227" classname="com.techmahindra.testNG.JqueryDropDown"/>
  <system-out/>
</testsuite> <!-- com.techmahindra.testNG.JqueryDropDown -->
