<?xml version="1.0" encoding="UTF-8"?>
<!-- Generated by org.testng.reporters.JUnitReportReporter -->
<testsuite skipped="0" hostname="TEB5J02J3" name="com.techmahindra.testNG.excel.ReadDataFromExcelFileByColumnName" tests="1" failures="0" timestamp="2022-10-26T11:05:19 IST" time="0.575" errors="0">
  <testcase name="f" time="0.575" classname="com.techmahindra.testNG.excel.ReadDataFromExcelFileByColumnName"/>
  <system-out/>
</testsuite> <!-- com.techmahindra.testNG.excel.ReadDataFromExcelFileByColumnName -->
