<?xml version="1.0" encoding="UTF-8"?>
<!-- Generated by org.testng.reporters.JUnitReportReporter -->
<testsuite skipped="3" hostname="TEB5J02J3" name="com.techmahindra.testNG.Mouse_Keyboard_Operations" tests="4" failures="0" timestamp="2022-10-24T23:50:33 IST" time="0.468" errors="0">
  <testcase name="slider" time="0.468" classname="com.techmahindra.testNG.Mouse_Keyboard_Operations"/>
  <system-out/>
  <testcase name="dragNdrop" classname="com.techmahindra.testNG.Mouse_Keyboard_Operations">
    <skipped/>
  </testcase> <!-- dragNdrop -->
  <system-out/>
  <testcase name="rightClickOnElement" classname="com.techmahindra.testNG.Mouse_Keyboard_Operations">
    <skipped/>
  </testcase> <!-- rightClickOnElement -->
  <system-out/>
  <testcase name="resizeObject" classname="com.techmahindra.testNG.Mouse_Keyboard_Operations">
    <skipped/>
  </testcase> <!-- resizeObject -->
  <system-out/>
</testsuite> <!-- com.techmahindra.testNG.Mouse_Keyboard_Operations -->
