<?xml version="1.0" encoding="UTF-8"?>
<!-- Generated by org.testng.reporters.JUnitReportReporter -->
<testsuite skipped="0" hostname="TEB5J02J3" name="com.techmahindra.testNG.TC_001_HMS_Login_Logout" tests="1" failures="0" timestamp="2022-10-16T23:51:11 IST" time="4.210" errors="0">
  <testcase name="hmsLoginLogout" time="4.210" classname="com.techmahindra.testNG.TC_001_HMS_Login_Logout"/>
  <system-out/>
</testsuite> <!-- com.techmahindra.testNG.TC_001_HMS_Login_Logout -->
