<?xml version="1.0" encoding="UTF-8"?>
<!-- Generated by org.testng.reporters.JUnitReportReporter -->
<testsuite skipped="0" hostname="TEB5J02J3" name="com.techmahindra.testNG.PrintLinks" tests="1" failures="0" timestamp="2022-10-16T22:52:56 IST" time="6.908" errors="0">
  <testcase name="f" time="6.908" classname="com.techmahindra.testNG.PrintLinks"/>
  <system-out/>
</testsuite> <!-- com.techmahindra.testNG.PrintLinks -->
